2023-11-18 20:18:09,822 [Worker-8: Loading available Gradle versions] INFO  o.e.b.c.i.u.g.PublishedGradleVersions - Gradle version information cache is not available. Remote download required.
2023-11-18 20:19:25,784 [ModalContext] INFO  o.e.m.c.i.e.AbstractTransferListenerAdapter - Downloading https://repo.maven.apache.org/maven2/am/ik/archetype/graalvm-blank-archetype/0.1.3/graalvm-blank-archetype-0.1.3.pom
2023-11-18 20:19:25,844 [ModalContext] INFO  o.e.m.c.i.e.AbstractTransferListenerAdapter - Downloaded https://repo.maven.apache.org/maven2/am/ik/archetype/graalvm-blank-archetype/0.1.3/graalvm-blank-archetype-0.1.3.pom
2023-11-18 20:19:25,895 [ModalContext] INFO  o.e.m.c.i.e.AbstractTransferListenerAdapter - Downloading https://repo.maven.apache.org/maven2/am/ik/archetype/graalvm-blank-archetype/0.1.3/graalvm-blank-archetype-0.1.3.jar
2023-11-18 20:19:26,052 [ModalContext] INFO  o.e.m.c.i.e.AbstractTransferListenerAdapter - Downloaded https://repo.maven.apache.org/maven2/am/ik/archetype/graalvm-blank-archetype/0.1.3/graalvm-blank-archetype-0.1.3.jar
2023-11-18 20:19:30,324 [Worker-28: Launching mavenrun-9a903195-3352-43b4-aea3-99b308ac1a81] INFO  o.eclipse.m2e.core.internal.Bundles - getClasspathEntries(Bundle=org.eclipse.m2e.maven.runtime_3.9.400.20230826-0755 [297])
2023-11-18 20:19:30,326 [Worker-28: Launching mavenrun-9a903195-3352-43b4-aea3-99b308ac1a81] INFO  o.eclipse.m2e.core.internal.Bundles - 	Entry: C:\Users\dvors\.p2\pool\plugins\org.eclipse.m2e.maven.runtime_3.9.400.20230826-0755
2023-11-18 20:19:30,326 [Worker-28: Launching mavenrun-9a903195-3352-43b4-aea3-99b308ac1a81] INFO  o.eclipse.m2e.core.internal.Bundles - 	Entry: C:\Users\dvors\.p2\pool\plugins\org.eclipse.m2e.maven.runtime_3.9.400.20230826-0755\jars\aether-connector-okhttp-0.17.8.jar
2023-11-18 20:19:30,326 [Worker-28: Launching mavenrun-9a903195-3352-43b4-aea3-99b308ac1a81] INFO  o.eclipse.m2e.core.internal.Bundles - 	Entry: C:\Users\dvors\.p2\pool\plugins\org.eclipse.m2e.maven.runtime_3.9.400.20230826-0755\jars\aopalliance-1.0.jar
2023-11-18 20:19:30,326 [Worker-28: Launching mavenrun-9a903195-3352-43b4-aea3-99b308ac1a81] INFO  o.eclipse.m2e.core.internal.Bundles - 	Entry: C:\Users\dvors\.p2\pool\plugins\org.eclipse.m2e.maven.runtime_3.9.400.20230826-0755\jars\commons-lang3-3.12.0.jar
2023-11-18 20:19:30,326 [Worker-28: Launching mavenrun-9a903195-3352-43b4-aea3-99b308ac1a81] INFO  o.eclipse.m2e.core.internal.Bundles - 	Entry: C:\Users\dvors\.p2\pool\plugins\org.eclipse.m2e.maven.runtime_3.9.400.20230826-0755\jars\guice-5.1.0.jar
2023-11-18 20:19:30,327 [Worker-28: Launching mavenrun-9a903195-3352-43b4-aea3-99b308ac1a81] INFO  o.eclipse.m2e.core.internal.Bundles - 	Entry: C:\Users\dvors\.p2\pool\plugins\org.eclipse.m2e.maven.runtime_3.9.400.20230826-0755\jars\jansi-2.4.0.jar
2023-11-18 20:19:30,327 [Worker-28: Launching mavenrun-9a903195-3352-43b4-aea3-99b308ac1a81] INFO  o.eclipse.m2e.core.internal.Bundles - 	Entry: C:\Users\dvors\.p2\pool\plugins\org.eclipse.m2e.maven.runtime_3.9.400.20230826-0755\jars\maven-artifact-3.9.4.jar
2023-11-18 20:19:30,327 [Worker-28: Launching mavenrun-9a903195-3352-43b4-aea3-99b308ac1a81] INFO  o.eclipse.m2e.core.internal.Bundles - 	Entry: C:\Users\dvors\.p2\pool\plugins\org.eclipse.m2e.maven.runtime_3.9.400.20230826-0755\jars\maven-builder-support-3.9.4.jar
2023-11-18 20:19:30,327 [Worker-28: Launching mavenrun-9a903195-3352-43b4-aea3-99b308ac1a81] INFO  o.eclipse.m2e.core.internal.Bundles - 	Entry: C:\Users\dvors\.p2\pool\plugins\org.eclipse.m2e.maven.runtime_3.9.400.20230826-0755\jars\maven-compat-3.9.4.jar
2023-11-18 20:19:30,327 [Worker-28: Launching mavenrun-9a903195-3352-43b4-aea3-99b308ac1a81] INFO  o.eclipse.m2e.core.internal.Bundles - 	Entry: C:\Users\dvors\.p2\pool\plugins\org.eclipse.m2e.maven.runtime_3.9.400.20230826-0755\jars\maven-core-3.9.4.jar
2023-11-18 20:19:30,327 [Worker-28: Launching mavenrun-9a903195-3352-43b4-aea3-99b308ac1a81] INFO  o.eclipse.m2e.core.internal.Bundles - 	Entry: C:\Users\dvors\.p2\pool\plugins\org.eclipse.m2e.maven.runtime_3.9.400.20230826-0755\jars\maven-embedder-3.9.4.jar
2023-11-18 20:19:30,327 [Worker-28: Launching mavenrun-9a903195-3352-43b4-aea3-99b308ac1a81] INFO  o.eclipse.m2e.core.internal.Bundles - 	Entry: C:\Users\dvors\.p2\pool\plugins\org.eclipse.m2e.maven.runtime_3.9.400.20230826-0755\jars\maven-model-3.9.4.jar
2023-11-18 20:19:30,328 [Worker-28: Launching mavenrun-9a903195-3352-43b4-aea3-99b308ac1a81] INFO  o.eclipse.m2e.core.internal.Bundles - 	Entry: C:\Users\dvors\.p2\pool\plugins\org.eclipse.m2e.maven.runtime_3.9.400.20230826-0755\jars\maven-model-builder-3.9.4.jar
2023-11-18 20:19:30,328 [Worker-28: Launching mavenrun-9a903195-3352-43b4-aea3-99b308ac1a81] INFO  o.eclipse.m2e.core.internal.Bundles - 	Entry: C:\Users\dvors\.p2\pool\plugins\org.eclipse.m2e.maven.runtime_3.9.400.20230826-0755\jars\maven-plugin-api-3.9.4.jar
2023-11-18 20:19:30,328 [Worker-28: Launching mavenrun-9a903195-3352-43b4-aea3-99b308ac1a81] INFO  o.eclipse.m2e.core.internal.Bundles - 	Entry: C:\Users\dvors\.p2\pool\plugins\org.eclipse.m2e.maven.runtime_3.9.400.20230826-0755\jars\maven-repository-metadata-3.9.4.jar
2023-11-18 20:19:30,328 [Worker-28: Launching mavenrun-9a903195-3352-43b4-aea3-99b308ac1a81] INFO  o.eclipse.m2e.core.internal.Bundles - 	Entry: C:\Users\dvors\.p2\pool\plugins\org.eclipse.m2e.maven.runtime_3.9.400.20230826-0755\jars\maven-resolver-api-1.9.14.jar
2023-11-18 20:19:30,328 [Worker-28: Launching mavenrun-9a903195-3352-43b4-aea3-99b308ac1a81] INFO  o.eclipse.m2e.core.internal.Bundles - 	Entry: C:\Users\dvors\.p2\pool\plugins\org.eclipse.m2e.maven.runtime_3.9.400.20230826-0755\jars\maven-resolver-connector-basic-1.9.14.jar
2023-11-18 20:19:30,328 [Worker-28: Launching mavenrun-9a903195-3352-43b4-aea3-99b308ac1a81] INFO  o.eclipse.m2e.core.internal.Bundles - 	Entry: C:\Users\dvors\.p2\pool\plugins\org.eclipse.m2e.maven.runtime_3.9.400.20230826-0755\jars\maven-resolver-impl-1.9.14.jar
2023-11-18 20:19:30,328 [Worker-28: Launching mavenrun-9a903195-3352-43b4-aea3-99b308ac1a81] INFO  o.eclipse.m2e.core.internal.Bundles - 	Entry: C:\Users\dvors\.p2\pool\plugins\org.eclipse.m2e.maven.runtime_3.9.400.20230826-0755\jars\maven-resolver-named-locks-1.9.14.jar
2023-11-18 20:19:30,328 [Worker-28: Launching mavenrun-9a903195-3352-43b4-aea3-99b308ac1a81] INFO  o.eclipse.m2e.core.internal.Bundles - 	Entry: C:\Users\dvors\.p2\pool\plugins\org.eclipse.m2e.maven.runtime_3.9.400.20230826-0755\jars\maven-resolver-provider-3.9.4.jar
2023-11-18 20:19:30,329 [Worker-28: Launching mavenrun-9a903195-3352-43b4-aea3-99b308ac1a81] INFO  o.eclipse.m2e.core.internal.Bundles - 	Entry: C:\Users\dvors\.p2\pool\plugins\org.eclipse.m2e.maven.runtime_3.9.400.20230826-0755\jars\maven-resolver-spi-1.9.14.jar
2023-11-18 20:19:30,329 [Worker-28: Launching mavenrun-9a903195-3352-43b4-aea3-99b308ac1a81] INFO  o.eclipse.m2e.core.internal.Bundles - 	Entry: C:\Users\dvors\.p2\pool\plugins\org.eclipse.m2e.maven.runtime_3.9.400.20230826-0755\jars\maven-resolver-transport-wagon-1.9.14.jar
2023-11-18 20:19:30,329 [Worker-28: Launching mavenrun-9a903195-3352-43b4-aea3-99b308ac1a81] INFO  o.eclipse.m2e.core.internal.Bundles - 	Entry: C:\Users\dvors\.p2\pool\plugins\org.eclipse.m2e.maven.runtime_3.9.400.20230826-0755\jars\maven-resolver-util-1.9.14.jar
2023-11-18 20:19:30,329 [Worker-28: Launching mavenrun-9a903195-3352-43b4-aea3-99b308ac1a81] INFO  o.eclipse.m2e.core.internal.Bundles - 	Entry: C:\Users\dvors\.p2\pool\plugins\org.eclipse.m2e.maven.runtime_3.9.400.20230826-0755\jars\maven-settings-3.9.4.jar
2023-11-18 20:19:30,329 [Worker-28: Launching mavenrun-9a903195-3352-43b4-aea3-99b308ac1a81] INFO  o.eclipse.m2e.core.internal.Bundles - 	Entry: C:\Users\dvors\.p2\pool\plugins\org.eclipse.m2e.maven.runtime_3.9.400.20230826-0755\jars\maven-settings-builder-3.9.4.jar
2023-11-18 20:19:30,329 [Worker-28: Launching mavenrun-9a903195-3352-43b4-aea3-99b308ac1a81] INFO  o.eclipse.m2e.core.internal.Bundles - 	Entry: C:\Users\dvors\.p2\pool\plugins\org.eclipse.m2e.maven.runtime_3.9.400.20230826-0755\jars\maven-shared-utils-3.3.4.jar
2023-11-18 20:19:30,329 [Worker-28: Launching mavenrun-9a903195-3352-43b4-aea3-99b308ac1a81] INFO  o.eclipse.m2e.core.internal.Bundles - 	Entry: C:\Users\dvors\.p2\pool\plugins\org.eclipse.m2e.maven.runtime_3.9.400.20230826-0755\jars\okhttp-3.14.1.jar
2023-11-18 20:19:30,329 [Worker-28: Launching mavenrun-9a903195-3352-43b4-aea3-99b308ac1a81] INFO  o.eclipse.m2e.core.internal.Bundles - 	Entry: C:\Users\dvors\.p2\pool\plugins\org.eclipse.m2e.maven.runtime_3.9.400.20230826-0755\jars\okio-1.17.3.jar
2023-11-18 20:19:30,330 [Worker-28: Launching mavenrun-9a903195-3352-43b4-aea3-99b308ac1a81] INFO  o.eclipse.m2e.core.internal.Bundles - 	Entry: C:\Users\dvors\.p2\pool\plugins\org.eclipse.m2e.maven.runtime_3.9.400.20230826-0755\jars\org.eclipse.sisu.inject-0.3.5.jar
2023-11-18 20:19:30,330 [Worker-28: Launching mavenrun-9a903195-3352-43b4-aea3-99b308ac1a81] INFO  o.eclipse.m2e.core.internal.Bundles - 	Entry: C:\Users\dvors\.p2\pool\plugins\org.eclipse.m2e.maven.runtime_3.9.400.20230826-0755\jars\org.eclipse.sisu.plexus-0.3.5.jar
2023-11-18 20:19:30,330 [Worker-28: Launching mavenrun-9a903195-3352-43b4-aea3-99b308ac1a81] INFO  o.eclipse.m2e.core.internal.Bundles - 	Entry: C:\Users\dvors\.p2\pool\plugins\org.eclipse.m2e.maven.runtime_3.9.400.20230826-0755\jars\plexus-build-api-0.0.7.jar
2023-11-18 20:19:30,330 [Worker-28: Launching mavenrun-9a903195-3352-43b4-aea3-99b308ac1a81] INFO  o.eclipse.m2e.core.internal.Bundles - 	Entry: C:\Users\dvors\.p2\pool\plugins\org.eclipse.m2e.maven.runtime_3.9.400.20230826-0755\jars\plexus-cipher-2.0.jar
2023-11-18 20:19:30,330 [Worker-28: Launching mavenrun-9a903195-3352-43b4-aea3-99b308ac1a81] INFO  o.eclipse.m2e.core.internal.Bundles - 	Entry: C:\Users\dvors\.p2\pool\plugins\org.eclipse.m2e.maven.runtime_3.9.400.20230826-0755\jars\plexus-classworlds-2.7.0.jar
2023-11-18 20:19:30,330 [Worker-28: Launching mavenrun-9a903195-3352-43b4-aea3-99b308ac1a81] INFO  o.eclipse.m2e.core.internal.Bundles - 	Entry: C:\Users\dvors\.p2\pool\plugins\org.eclipse.m2e.maven.runtime_3.9.400.20230826-0755\jars\plexus-component-annotations-2.1.0.jar
2023-11-18 20:19:30,330 [Worker-28: Launching mavenrun-9a903195-3352-43b4-aea3-99b308ac1a81] INFO  o.eclipse.m2e.core.internal.Bundles - 	Entry: C:\Users\dvors\.p2\pool\plugins\org.eclipse.m2e.maven.runtime_3.9.400.20230826-0755\jars\plexus-interpolation-1.26.jar
2023-11-18 20:19:30,330 [Worker-28: Launching mavenrun-9a903195-3352-43b4-aea3-99b308ac1a81] INFO  o.eclipse.m2e.core.internal.Bundles - 	Entry: C:\Users\dvors\.p2\pool\plugins\org.eclipse.m2e.maven.runtime_3.9.400.20230826-0755\jars\plexus-sec-dispatcher-2.0.jar
2023-11-18 20:19:30,331 [Worker-28: Launching mavenrun-9a903195-3352-43b4-aea3-99b308ac1a81] INFO  o.eclipse.m2e.core.internal.Bundles - 	Entry: C:\Users\dvors\.p2\pool\plugins\org.eclipse.m2e.maven.runtime_3.9.400.20230826-0755\jars\plexus-utils-3.5.1.jar
2023-11-18 20:19:30,331 [Worker-28: Launching mavenrun-9a903195-3352-43b4-aea3-99b308ac1a81] INFO  o.eclipse.m2e.core.internal.Bundles - 	Entry: C:\Users\dvors\.p2\pool\plugins\org.eclipse.m2e.maven.runtime_3.9.400.20230826-0755\jars\wagon-file-3.5.3.jar
2023-11-18 20:19:30,331 [Worker-28: Launching mavenrun-9a903195-3352-43b4-aea3-99b308ac1a81] INFO  o.eclipse.m2e.core.internal.Bundles - 	Entry: C:\Users\dvors\.p2\pool\plugins\org.eclipse.m2e.maven.runtime_3.9.400.20230826-0755\jars\wagon-provider-api-3.5.3.jar
2023-11-18 20:19:30,332 [Worker-28: Launching mavenrun-9a903195-3352-43b4-aea3-99b308ac1a81] INFO  o.eclipse.m2e.core.internal.Bundles - getClasspathEntries(Bundle=com.google.guava_32.1.2.jre [10])
2023-11-18 20:19:30,333 [Worker-28: Launching mavenrun-9a903195-3352-43b4-aea3-99b308ac1a81] INFO  o.eclipse.m2e.core.internal.Bundles - 	Entry: C:\Users\dvors\.p2\pool\plugins\com.google.guava_32.1.2.jre.jar
2023-11-18 20:19:30,333 [Worker-28: Launching mavenrun-9a903195-3352-43b4-aea3-99b308ac1a81] INFO  o.eclipse.m2e.core.internal.Bundles - getClasspathEntries(Bundle=slf4j.api_2.0.9 [518])
2023-11-18 20:19:30,333 [Worker-28: Launching mavenrun-9a903195-3352-43b4-aea3-99b308ac1a81] INFO  o.eclipse.m2e.core.internal.Bundles - 	Entry: C:\Users\dvors\.p2\pool\plugins\slf4j.api_2.0.9.jar
2023-11-18 20:19:30,333 [Worker-28: Launching mavenrun-9a903195-3352-43b4-aea3-99b308ac1a81] INFO  o.eclipse.m2e.core.internal.Bundles - getClasspathEntries(Bundle=javax.inject_1.0.0.v20220405-0441 [26])
2023-11-18 20:19:30,333 [Worker-28: Launching mavenrun-9a903195-3352-43b4-aea3-99b308ac1a81] INFO  o.eclipse.m2e.core.internal.Bundles - 	Entry: C:\Users\dvors\.p2\pool\plugins\javax.inject_1.0.0.v20220405-0441.jar
2023-11-18 20:19:30,333 [Worker-28: Launching mavenrun-9a903195-3352-43b4-aea3-99b308ac1a81] INFO  o.eclipse.m2e.core.internal.Bundles - getClasspathEntries(Bundle=javax.annotation_1.3.5.v20200909-1856 [24])
2023-11-18 20:19:30,333 [Worker-28: Launching mavenrun-9a903195-3352-43b4-aea3-99b308ac1a81] INFO  o.eclipse.m2e.core.internal.Bundles - 	Entry: C:\Users\dvors\.p2\pool\plugins\javax.annotation_1.3.5.v20200909-1856.jar
2023-11-18 20:19:30,333 [Worker-28: Launching mavenrun-9a903195-3352-43b4-aea3-99b308ac1a81] INFO  o.eclipse.m2e.core.internal.Bundles - getClasspathEntries(Bundle=org.apache.commons.cli_1.5.0 [49])
2023-11-18 20:19:30,334 [Worker-28: Launching mavenrun-9a903195-3352-43b4-aea3-99b308ac1a81] INFO  o.eclipse.m2e.core.internal.Bundles - 	Entry: C:\Users\dvors\.p2\pool\plugins\org.apache.commons.cli_1.5.0.jar
2023-11-18 20:19:30,334 [Worker-28: Launching mavenrun-9a903195-3352-43b4-aea3-99b308ac1a81] INFO  o.eclipse.m2e.core.internal.Bundles - getClasspathEntries(Bundle=com.google.guava.failureaccess_1.0.1 [12])
2023-11-18 20:19:30,334 [Worker-28: Launching mavenrun-9a903195-3352-43b4-aea3-99b308ac1a81] INFO  o.eclipse.m2e.core.internal.Bundles - 	Entry: C:\Users\dvors\.p2\pool\plugins\com.google.guava.failureaccess_1.0.1.jar
2023-11-18 20:19:30,377 [Worker-28: Launching mavenrun-9a903195-3352-43b4-aea3-99b308ac1a81] INFO  o.e.m.i.launch.MavenLaunchDelegate - Run build in "C:\Users\dvors\AppData\Local\Temp\m2e-archetypeGenerator11351273159644815562":
2023-11-18 20:19:30,380 [Worker-28: Launching mavenrun-9a903195-3352-43b4-aea3-99b308ac1a81] INFO  o.e.m.i.launch.MavenLaunchDelegate -  mvn  -DarchetypeGroupId=am.ik.archetype -DarchetypeArtifactId=graalvm-blank-archetype -DarchetypeVersion=0.1.3 -DgroupId=xdfcvb -DartifactId=xcvbxcfgbx -Dversion=0.0.1-SNAPSHOT -Dpackage=xdfcvb.xcvbxcfgbx -DoutputDirectory=F:\file_copy -Dstyle.color=always -U archetype:generate
